0 verbose cli /usr/local/bin/node /usr/local/bin/npm
1 info using npm@10.7.0
2 info using node@v20.15.1
3 silly config:load:file:/usr/local/lib/node_modules/npm/npmrc
4 silly config:load:file:/data/.npmrc
5 silly config:load:file:/usr/src/node-red/.npmrc
6 silly config:load:file:/usr/local/etc/npmrc
7 verbose title npm install node-red-contrib-mongodb4@2.5.2
8 verbose argv "install" "--no-audit" "--no-update-notifier" "--no-fund" "--save" "--save-prefix" "~" "--omit" "dev" "--engine-strict" "node-red-contrib-mongodb4@2.5.2"
9 verbose logfile logs-max:10 dir:/data/.npm/_logs/2024-07-16T04_08_36_130Z-
10 verbose logfile /data/.npm/_logs/2024-07-16T04_08_36_130Z-debug-0.log
11 silly logfile done cleaning log files
12 silly idealTree buildDeps
13 silly fetch manifest node-red-contrib-mongodb4@2.5.2
14 http fetch GET 200 https://registry.npmjs.org/node-red-contrib-mongodb4 1139ms (cache miss)
15 silly placeDep ROOT node-red-contrib-mongodb4@2.5.2 OK for: node-red-project@0.0.1 want: 2.5.2
16 silly fetch manifest mongodb@^5.9.2
17 http fetch GET 200 https://registry.npmjs.org/mongodb 213ms (cache updated)
18 silly fetch manifest @aws-sdk/credential-providers@^3.188.0
19 http fetch GET 200 https://registry.npmjs.org/@aws-sdk%2fcredential-providers 165ms (cache miss)
20 silly fetch manifest @mongodb-js/zstd@^1.0.0
21 http fetch GET 200 https://registry.npmjs.org/@mongodb-js%2fzstd 346ms (cache miss)
22 silly fetch manifest kerberos@^1.0.0 || ^2.0.0
23 http fetch GET 200 https://registry.npmjs.org/kerberos 109ms (cache miss)
24 silly fetch manifest mongodb-client-encryption@>=2.3.0 <3
25 http fetch GET 200 https://registry.npmjs.org/mongodb-client-encryption 121ms (cache miss)
26 silly fetch manifest gcp-metadata@^5.2.0
27 http fetch GET 200 https://registry.npmjs.org/gcp-metadata 764ms (cache miss)
28 silly fetch manifest snappy@^7.2.2
29 http fetch GET 200 https://registry.npmjs.org/snappy 755ms (cache miss)
30 silly placeDep node_modules/node-red-contrib-mongodb4 mongodb@5.9.2 OK for: node-red-contrib-mongodb4@2.5.2 want: ^5.9.2
31 silly fetch manifest bson@^5.5.0
32 silly fetch manifest mongodb-connection-string-url@^2.6.0
33 silly fetch manifest @mongodb-js/saslprep@^1.1.0
34 http fetch GET 200 https://registry.npmjs.org/@mongodb-js%2fsaslprep 176ms (cache miss)
35 http fetch GET 200 https://registry.npmjs.org/mongodb-connection-string-url 273ms (cache miss)
36 http fetch GET 200 https://registry.npmjs.org/bson 383ms (cache revalidated)
37 silly placeDep ROOT @mongodb-js/saslprep@1.1.7 OK for: mongodb@5.9.2 want: ^1.1.0
38 silly placeDep node_modules/node-red-contrib-mongodb4 bson@5.5.1 OK for: mongodb@5.9.2 want: ^5.5.0
39 silly placeDep ROOT mongodb-connection-string-url@2.6.0 OK for: mongodb@5.9.2 want: ^2.6.0
40 silly fetch manifest whatwg-url@^11.0.0
41 silly fetch manifest @types/whatwg-url@^8.2.1
42 http fetch GET 200 https://registry.npmjs.org/@types%2fwhatwg-url 126ms (cache miss)
43 http fetch GET 200 https://registry.npmjs.org/whatwg-url 778ms (cache miss)
44 silly placeDep ROOT @types/whatwg-url@8.2.2 OK for: mongodb-connection-string-url@2.6.0 want: ^8.2.1
45 silly placeDep ROOT whatwg-url@11.0.0 OK for: mongodb-connection-string-url@2.6.0 want: ^11.0.0
46 silly fetch manifest @types/node@*
47 silly fetch manifest @types/webidl-conversions@*
48 silly fetch manifest tr46@^3.0.0
49 silly fetch manifest webidl-conversions@^7.0.0
50 http fetch GET 200 https://registry.npmjs.org/tr46 171ms (cache miss)
51 http fetch GET 200 https://registry.npmjs.org/webidl-conversions 202ms (cache miss)
52 http fetch GET 200 https://registry.npmjs.org/@types%2fnode 388ms (cache miss)
53 http fetch GET 200 https://registry.npmjs.org/@types%2fwebidl-conversions 1179ms (cache miss)
54 silly placeDep ROOT @types/node@20.14.10 OK for: @types/whatwg-url@8.2.2 want: *
55 silly placeDep ROOT @types/webidl-conversions@7.0.3 OK for: @types/whatwg-url@8.2.2 want: *
56 silly fetch manifest undici-types@~5.26.4
57 http fetch GET 200 https://registry.npmjs.org/undici-types 122ms (cache miss)
58 silly placeDep ROOT undici-types@5.26.5 OK for: @types/node@20.14.10 want: ~5.26.4
59 silly placeDep ROOT tr46@3.0.0 OK for: whatwg-url@11.0.0 want: ^3.0.0
60 silly placeDep ROOT webidl-conversions@7.0.0 OK for: whatwg-url@11.0.0 want: ^7.0.0
61 silly fetch manifest punycode@^2.1.1
62 http fetch GET 200 https://registry.npmjs.org/punycode 133ms (cache miss)
63 silly placeDep ROOT punycode@2.3.1 OK for: tr46@3.0.0 want: ^2.1.1
64 silly reify moves {}
65 silly tarball no local data for webidl-conversions@https://registry.npmjs.org/webidl-conversions/-/webidl-conversions-7.0.0.tgz. Extracting by manifest.
66 silly tarball no local data for tr46@https://registry.npmjs.org/tr46/-/tr46-3.0.0.tgz. Extracting by manifest.
67 silly tarball no local data for punycode@https://registry.npmjs.org/punycode/-/punycode-2.3.1.tgz. Extracting by manifest.
68 silly tarball no local data for undici-types@https://registry.npmjs.org/undici-types/-/undici-types-5.26.5.tgz. Extracting by manifest.
69 silly tarball no local data for @types/webidl-conversions@https://registry.npmjs.org/@types/webidl-conversions/-/webidl-conversions-7.0.3.tgz. Extracting by manifest.
70 silly tarball no local data for node-red-contrib-mongodb4@https://registry.npmjs.org/node-red-contrib-mongodb4/-/node-red-contrib-mongodb4-2.5.2.tgz. Extracting by manifest.
71 silly tarball no local data for @types/whatwg-url@https://registry.npmjs.org/@types/whatwg-url/-/whatwg-url-8.2.2.tgz. Extracting by manifest.
72 silly tarball no local data for whatwg-url@https://registry.npmjs.org/whatwg-url/-/whatwg-url-11.0.0.tgz. Extracting by manifest.
73 silly tarball no local data for mongodb-connection-string-url@https://registry.npmjs.org/mongodb-connection-string-url/-/mongodb-connection-string-url-2.6.0.tgz. Extracting by manifest.
74 silly tarball no local data for @types/node@https://registry.npmjs.org/@types/node/-/node-20.14.10.tgz. Extracting by manifest.
75 silly tarball no local data for @mongodb-js/saslprep@https://registry.npmjs.org/@mongodb-js/saslprep/-/saslprep-1.1.7.tgz. Extracting by manifest.
76 silly tarball no local data for bson@https://registry.npmjs.org/bson/-/bson-5.5.1.tgz. Extracting by manifest.
77 silly tarball no local data for mongodb@https://registry.npmjs.org/mongodb/-/mongodb-5.9.2.tgz. Extracting by manifest.
78 http fetch GET 200 https://registry.npmjs.org/webidl-conversions/-/webidl-conversions-7.0.0.tgz 154ms (cache miss)
79 http fetch GET 200 https://registry.npmjs.org/punycode/-/punycode-2.3.1.tgz 207ms (cache miss)
80 http fetch GET 200 https://registry.npmjs.org/tr46/-/tr46-3.0.0.tgz 290ms (cache miss)
81 http fetch GET 200 https://registry.npmjs.org/undici-types/-/undici-types-5.26.5.tgz 302ms (cache miss)
82 http fetch GET 200 https://registry.npmjs.org/@types/webidl-conversions/-/webidl-conversions-7.0.3.tgz 683ms (cache miss)
83 http fetch GET 200 https://registry.npmjs.org/node-red-contrib-mongodb4/-/node-red-contrib-mongodb4-2.5.2.tgz 684ms (cache miss)
84 http fetch GET 200 https://registry.npmjs.org/@types/whatwg-url/-/whatwg-url-8.2.2.tgz 883ms (cache miss)
85 http fetch GET 200 https://registry.npmjs.org/mongodb-connection-string-url/-/mongodb-connection-string-url-2.6.0.tgz 898ms (cache miss)
86 http fetch GET 200 https://registry.npmjs.org/whatwg-url/-/whatwg-url-11.0.0.tgz 923ms (cache miss)
87 http fetch GET 200 https://registry.npmjs.org/@mongodb-js/saslprep/-/saslprep-1.1.7.tgz 1192ms (cache miss)
88 http fetch GET 200 https://registry.npmjs.org/@types/node/-/node-20.14.10.tgz 1614ms (cache miss)
89 http fetch GET 200 https://registry.npmjs.org/bson/-/bson-5.5.1.tgz 1644ms (cache miss)
90 http fetch GET 200 https://registry.npmjs.org/mongodb/-/mongodb-5.9.2.tgz 2758ms (cache miss)
91 silly ADD node_modules/punycode
92 silly ADD node_modules/webidl-conversions
93 silly ADD node_modules/tr46
94 silly ADD node_modules/undici-types
95 silly ADD node_modules/@types/webidl-conversions
96 silly ADD node_modules/@types/node
97 silly ADD node_modules/whatwg-url
98 silly ADD node_modules/@types/whatwg-url
99 silly ADD node_modules/mongodb-connection-string-url
100 silly ADD node_modules/@mongodb-js/saslprep
101 silly ADD node_modules/node-red-contrib-mongodb4
102 silly ADD node_modules/node-red-contrib-mongodb4/node_modules/bson
103 silly ADD node_modules/node-red-contrib-mongodb4/node_modules/mongodb
104 verbose exit 0
105 info ok
