0 verbose cli /usr/local/bin/node /usr/local/bin/npm
1 info using npm@10.7.0
2 info using node@v20.15.1
3 silly config:load:file:/usr/local/lib/node_modules/npm/npmrc
4 silly config:load:file:/data/.npmrc
5 silly config:load:file:/usr/src/node-red/.npmrc
6 silly config:load:file:/usr/local/etc/npmrc
7 verbose title npm install node-red-contrib-postgres-multi@0.2.0
8 verbose argv "install" "--no-audit" "--no-update-notifier" "--no-fund" "--save" "--save-prefix" "~" "--omit" "dev" "--engine-strict" "node-red-contrib-postgres-multi@0.2.0"
9 verbose logfile logs-max:10 dir:/data/.npm/_logs/2024-07-16T03_50_18_894Z-
10 verbose logfile /data/.npm/_logs/2024-07-16T03_50_18_894Z-debug-0.log
11 silly logfile done cleaning log files
12 silly idealTree buildDeps
13 silly fetch manifest node-red-contrib-postgres-multi@0.2.0
14 http fetch GET 200 https://registry.npmjs.org/node-red-contrib-postgres-multi 607ms (cache miss)
15 silly placeDep ROOT node-red-contrib-postgres-multi@0.2.0 OK for: node-red-project@0.0.1 want: 0.2.0
16 silly fetch manifest pg@~7.4.1
17 silly fetch manifest node-postgres-named@^2.4.1
18 silly fetch manifest querystring@^0.2.0
19 http fetch GET 200 https://registry.npmjs.org/pg 35ms (cache hit)
20 http fetch GET 200 https://registry.npmjs.org/querystring 954ms (cache miss)
21 http fetch GET 200 https://registry.npmjs.org/node-postgres-named 1027ms (cache miss)
22 silly placeDep ROOT node-postgres-named@2.4.1 OK for: node-red-contrib-postgres-multi@0.2.0 want: ^2.4.1
23 silly placeDep node_modules/node-red-contrib-postgres-multi pg@7.4.3 OK for: node-red-contrib-postgres-multi@0.2.0 want: ~7.4.1
24 silly placeDep ROOT querystring@0.2.1 OK for: node-red-contrib-postgres-multi@0.2.0 want: ^0.2.0
25 silly fetch manifest lodash@^4.0.0
26 silly fetch manifest semver@4.3.2
27 silly fetch manifest pg-pool@~2.0.3
28 silly fetch manifest pg-types@~1.12.1
29 http fetch GET 200 https://registry.npmjs.org/pg-pool 37ms (cache hit)
30 http fetch GET 200 https://registry.npmjs.org/pg-types 38ms (cache hit)
31 http fetch GET 200 https://registry.npmjs.org/semver 42ms (cache hit)
32 http fetch GET 200 https://registry.npmjs.org/lodash 126ms (cache miss)
33 silly placeDep ROOT lodash@4.17.21 OK for: node-postgres-named@2.4.1 want: ^4.0.0
34 silly fetch manifest pg@>5.0
35 silly fetch manifest pg-native@>=3.0.1
36 http fetch GET 200 https://registry.npmjs.org/pg-native 386ms (cache miss)
37 silly placeDep node_modules/node-red-contrib-postgres-multi pg-pool@2.0.10 OK for: pg@7.4.3 want: ~2.0.3
38 silly placeDep node_modules/node-red-contrib-postgres-multi pg-types@1.12.1 OK for: pg@7.4.3 want: ~1.12.1
39 silly placeDep node_modules/node-red-contrib-postgres-multi semver@4.3.2 OK for: pg@7.4.3 want: 4.3.2
40 silly reify moves {}
41 silly tarball no local data for lodash@https://registry.npmjs.org/lodash/-/lodash-4.17.21.tgz. Extracting by manifest.
42 silly tarball no local data for node-postgres-named@https://registry.npmjs.org/node-postgres-named/-/node-postgres-named-2.4.1.tgz. Extracting by manifest.
43 silly tarball no local data for querystring@https://registry.npmjs.org/querystring/-/querystring-0.2.1.tgz. Extracting by manifest.
44 silly tarball no local data for node-red-contrib-postgres-multi@https://registry.npmjs.org/node-red-contrib-postgres-multi/-/node-red-contrib-postgres-multi-0.2.0.tgz. Extracting by manifest.
45 silly tarball no local data for pg@https://registry.npmjs.org/pg/-/pg-7.4.3.tgz. Extracting by manifest.
46 silly tarball no local data for pg-types@https://registry.npmjs.org/pg-types/-/pg-types-1.12.1.tgz. Extracting by manifest.
47 silly tarball no local data for pg-pool@https://registry.npmjs.org/pg-pool/-/pg-pool-2.0.10.tgz. Extracting by manifest.
48 http fetch GET 200 https://registry.npmjs.org/querystring/-/querystring-0.2.1.tgz 461ms (cache miss)
49 warn deprecated querystring@0.2.1: The querystring API is considered Legacy. new code should use the URLSearchParams API instead.
50 http fetch GET 200 https://registry.npmjs.org/pg-types/-/pg-types-1.12.1.tgz 534ms (cache miss)
51 http fetch GET 200 https://registry.npmjs.org/pg-pool/-/pg-pool-2.0.10.tgz 590ms (cache miss)
52 http fetch GET 200 https://registry.npmjs.org/pg/-/pg-7.4.3.tgz 661ms (cache miss)
53 http fetch GET 200 https://registry.npmjs.org/node-postgres-named/-/node-postgres-named-2.4.1.tgz 916ms (cache miss)
54 http fetch GET 200 https://registry.npmjs.org/node-red-contrib-postgres-multi/-/node-red-contrib-postgres-multi-0.2.0.tgz 1121ms (cache miss)
55 http fetch GET 200 https://registry.npmjs.org/lodash/-/lodash-4.17.21.tgz 3647ms (cache miss)
56 silly ADD node_modules/lodash
57 silly ADD node_modules/querystring
58 silly ADD node_modules/node-postgres-named
59 silly ADD node_modules/node-red-contrib-postgres-multi
60 silly ADD node_modules/node-red-contrib-postgres-multi/node_modules/semver
61 silly ADD node_modules/node-red-contrib-postgres-multi/node_modules/pg-types
62 silly ADD node_modules/node-red-contrib-postgres-multi/node_modules/pg-pool
63 silly ADD node_modules/node-red-contrib-postgres-multi/node_modules/pg
64 verbose exit 0
65 info ok
